[+] Containers:
 |- [+] Container: /Game/ThirdPerson/Maps/ThirdPersonMap
 |   |- [+] ActorDescs:
 |   |   |- Guid:1DD08E0140A9957DC6BDC09DAF76DD56 BaseClass: NativeClass:/Script/Engine.TargetPoint Name:TargetPoint_UAID_04D4C4DFCA2DC75B01_1741290291 Label:TargetPoint6 SpatiallyLoaded:1 Bounds:IsValid=true, Min=(X=1290.000 Y=2600.000 Z=0.000), Max=(X=1290.000 Y=2600.000 Z=0.000) RuntimeGrid:None EditorOnly:0 RuntimeOnly:0 HLODRelevant:0 Parent:BD370FED48134091E70A43B257A389C2
 |   |   |- Guid:2FB58999456391D349DC0F86DAC136ED BaseClass: NativeClass:/Script/Engine.SkyLight Name:SkyLight_1 Label:SkyLight SpatiallyLoaded:0 Bounds:IsValid=true, Min=(X=0.000 Y=0.000 Z=690.000), Max=(X=0.000 Y=0.000 Z=690.000) RuntimeGrid:None EditorOnly:0 RuntimeOnly:0 HLODRelevant:0 FolderPath:Lighting FolderGuid:963EC3EB4002CCE9759E2EBA541A873A
 |   |   |- Guid:316CF2A6494ACA4C0E4180A87D36AB8F BaseClass: NativeClass:/Script/Engine.ExponentialHeightFog Name:ExponentialHeightFog_0 Label:ExponentialHeightFog SpatiallyLoaded:0 Bounds:IsValid=true, Min=(X=-5600.000 Y=-50.000 Z=-6850.000), Max=(X=-5600.000 Y=-50.000 Z=-6850.000) RuntimeGrid:None EditorOnly:0 RuntimeOnly:0 HLODRelevant:0 FolderPath:Lighting FolderGuid:963EC3EB4002CCE9759E2EBA541A873A
 |   |   |- Guid:3515120F4B730D9E68CBA191DD7F713B BaseClass: NativeClass:/Script/Engine.TargetPoint Name:TargetPoint_UAID_04D4C4DFCA2DC75B01_1741293292 Label:TargetPoint7 SpatiallyLoaded:1 Bounds:IsValid=true, Min=(X=1590.000 Y=2600.000 Z=0.000), Max=(X=1590.000 Y=2600.000 Z=0.000) RuntimeGrid:None EditorOnly:0 RuntimeOnly:0 HLODRelevant:0 Parent:BD370FED48134091E70A43B257A389C2
 |   |   |- Guid:3A00AA1C422CE54C0BDB60BAF471BFBB BaseClass: NativeClass:/Script/Engine.PlayerStart Name:PlayerStart_0 Label:PlayerStart SpatiallyLoaded:0 Bounds:IsValid=true, Min=(X=480.000 Y=1250.000 Z=0.013), Max=(X=560.000 Y=1330.000 Z=184.013) RuntimeGrid:None EditorOnly:0 RuntimeOnly:0 HLODRelevant:0
 |   |   |- Guid:457E28DE4E8F6F2B32FEEDAE91B12ED6 BaseClass: NativeClass:/Script/Engine.TargetPoint Name:TargetPoint_UAID_04D4C4DFCA2DC65B01_1561402105 Label:TargetPoint3 SpatiallyLoaded:1 Bounds:IsValid=true, Min=(X=1580.000 Y=1390.000 Z=0.000), Max=(X=1580.000 Y=1390.000 Z=0.000) RuntimeGrid:None EditorOnly:0 RuntimeOnly:0 HLODRelevant:0 Parent:6ED14C7440AE78F186F969972C667DB9
 |   |   |- Guid:4A4C759044A27A218C94D4A70A653BA7 BaseClass: NativeClass:/Script/Engine.TargetPoint Name:TargetPoint_UAID_04D4C4DFCA2DC75B01_1741296293 Label:TargetPoint8 SpatiallyLoaded:1 Bounds:IsValid=true, Min=(X=1590.000 Y=2300.000 Z=0.000), Max=(X=1590.000 Y=2300.000 Z=0.000) RuntimeGrid:None EditorOnly:0 RuntimeOnly:0 HLODRelevant:0 Parent:BD370FED48134091E70A43B257A389C2
 |   |   |- Guid:4D3BE93F4146AAAC8BBE79999D96D57F BaseClass: NativeClass:/Script/Engine.VolumetricCloud Name:VolumetricCloud_0 Label:VolumetricCloud SpatiallyLoaded:0 Bounds:IsValid=true, Min=(X=0.000 Y=0.000 Z=820.000), Max=(X=0.000 Y=0.000 Z=820.000) RuntimeGrid:None EditorOnly:0 RuntimeOnly:0 HLODRelevant:0 FolderPath:Lighting FolderGuid:963EC3EB4002CCE9759E2EBA541A873A
 |   |   |- Guid:6BAF4DDD444C60371492D3919DB42C97 BaseClass: NativeClass:/Script/Engine.WorldDataLayers Name:WorldDataLayers Label:WorldDataLayers SpatiallyLoaded:0 Bounds:IsValid=true, Min=(X=0.000 Y=0.000 Z=0.000), Max=(X=0.000 Y=0.000 Z=0.000) RuntimeGrid:None EditorOnly:0 RuntimeOnly:0 HLODRelevant:0
 |   |   |- Guid:6ED14C7440AE78F186F969972C667DB9 BaseClass:/Game/RandomStuff/Base_Pickkup/SpawnPoint.SpawnPoint_C NativeClass:/Script/Engine.Actor Name:SpawnPoint_C_UAID_04D4C4DFCA2DC65B01_1804762108 Label:SpawnPoint SpatiallyLoaded:1 Bounds:IsValid=true, Min=(X=1430.000 Y=1240.000 Z=0.000), Max=(X=1430.000 Y=1240.000 Z=0.000) RuntimeGrid:None EditorOnly:0 RuntimeOnly:0 HLODRelevant:0
 |   |   |- Guid:760243A545543C8FE4D6F39C1E444E31 BaseClass:/Game/RandomStuff/Base_Pickkup/Cone_pickup.Cone_pickup_C NativeClass:/Script/Engine.Actor Name:Cone_pickup_C_UAID_04D4C4DFCA2DD05B01_1728877863 Label:Cone_pickup SpatiallyLoaded:1 Bounds:IsValid=true, Min=(X=1350.000 Y=1820.000 Z=40.000), Max=(X=1450.000 Y=1920.000 Z=140.000) RuntimeGrid:None EditorOnly:0 RuntimeOnly:0 HLODRelevant:0
 |   |   |- Guid:B785ED2844B84CFB91E7F39FE661CD99 BaseClass: NativeClass:/Script/Engine.DirectionalLight Name:DirectionalLight_0 Label:DirectionalLight SpatiallyLoaded:0 Bounds:IsValid=true, Min=(X=-1048576.000 Y=-1048576.000 Z=-1048576.000), Max=(X=1048576.000 Y=1048576.000 Z=1048576.000) RuntimeGrid:None EditorOnly:0 RuntimeOnly:0 HLODRelevant:0 FolderPath:Lighting FolderGuid:963EC3EB4002CCE9759E2EBA541A873A
 |   |   |- Guid:BD370FED48134091E70A43B257A389C2 BaseClass:/Game/RandomStuff/Base_Pickkup/SpawnPoint.SpawnPoint_C NativeClass:/Script/Engine.Actor Name:SpawnPoint_C_UAID_04D4C4DFCA2DC75B01_1741299294 Label:SpawnPoint2 SpatiallyLoaded:1 Bounds:IsValid=true, Min=(X=1440.000 Y=2450.000 Z=0.000), Max=(X=1440.000 Y=2450.000 Z=0.000) RuntimeGrid:None EditorOnly:0 RuntimeOnly:0 HLODRelevant:0
 |   |   |- Guid:C69497EF495EC94D10D754B85EA6F970 BaseClass:/Game/RandomStuff/Base_Pickkup/spawnManager.spawnManager_C NativeClass:/Script/Engine.Actor Name:spawnManager_C_UAID_04D4C4DFCA2DC65B01_1597480107 Label:spawnManager SpatiallyLoaded:1 Bounds:IsValid=true, Min=(X=1100.000 Y=470.000 Z=0.000), Max=(X=1100.000 Y=470.000 Z=0.000) RuntimeGrid:None EditorOnly:0 RuntimeOnly:0 HLODRelevant:0
 |   |   |- Guid:CCD02B974805EEF839C42DBF45BF00F3 BaseClass: NativeClass:/Script/Engine.TargetPoint Name:TargetPoint_UAID_04D4C4DFCA2DC65B01_1515360103 Label:TargetPoint SpatiallyLoaded:1 Bounds:IsValid=true, Min=(X=1280.000 Y=1090.000 Z=0.000), Max=(X=1280.000 Y=1090.000 Z=0.000) RuntimeGrid:None EditorOnly:0 RuntimeOnly:0 HLODRelevant:0 Parent:6ED14C7440AE78F186F969972C667DB9
 |   |   |- Guid:CCFF262C46EEFFDF319E7F9539CE697E BaseClass: NativeClass:/Script/Engine.SkyAtmosphere Name:SkyAtmosphere_0 Label:SkyAtmosphere SpatiallyLoaded:0 Bounds:IsValid=true, Min=(X=0.000 Y=0.000 Z=1020.000), Max=(X=0.000 Y=0.000 Z=1020.000) RuntimeGrid:None EditorOnly:0 RuntimeOnly:0 HLODRelevant:0 FolderPath:Lighting FolderGuid:963EC3EB4002CCE9759E2EBA541A873A
 |   |   |- Guid:D2092C4E43472CC11AF825ADEDDCAC27 BaseClass: NativeClass:/Script/Engine.TargetPoint Name:TargetPoint_UAID_04D4C4DFCA2DC65B01_1549428104 Label:TargetPoint2 SpatiallyLoaded:1 Bounds:IsValid=true, Min=(X=1280.000 Y=1390.000 Z=0.000), Max=(X=1280.000 Y=1390.000 Z=0.000) RuntimeGrid:None EditorOnly:0 RuntimeOnly:0 HLODRelevant:0 Parent:6ED14C7440AE78F186F969972C667DB9
 |   |   |- Guid:D42ECEFC412CB9B36B1587A31165F40A BaseClass: NativeClass:/Script/Engine.TargetPoint Name:TargetPoint_UAID_04D4C4DFCA2DC75B01_1741284290 Label:TargetPoint5 SpatiallyLoaded:1 Bounds:IsValid=true, Min=(X=1290.000 Y=2300.000 Z=0.000), Max=(X=1290.000 Y=2300.000 Z=0.000) RuntimeGrid:None EditorOnly:0 RuntimeOnly:0 HLODRelevant:0 Parent:BD370FED48134091E70A43B257A389C2
 |   |   |- Guid:D941C0484A8CD61AD6D2C8B86FDFF62C BaseClass: NativeClass:/Script/Engine.TargetPoint Name:TargetPoint_UAID_04D4C4DFCA2DC65B01_1575669106 Label:TargetPoint4 SpatiallyLoaded:1 Bounds:IsValid=true, Min=(X=1580.000 Y=1090.000 Z=0.000), Max=(X=1580.000 Y=1090.000 Z=0.000) RuntimeGrid:None EditorOnly:0 RuntimeOnly:0 HLODRelevant:0 Parent:6ED14C7440AE78F186F969972C667DB9
 |   |   |- Guid:EC4E0C944CE6AC6E784BC6BB2916EA13 BaseClass: NativeClass:/Script/Engine.StaticMeshActor Name:StaticMeshActor_UAID_A4AE111137DC5EFB00_1110535423 Label:SM_SkySphere SpatiallyLoaded:0 Bounds:IsValid=true, Min=(X=-1638400.000 Y=-1638400.000 Z=-1638400.000), Max=(X=1638400.000 Y=1638400.000 Z=1638400.000) RuntimeGrid:None EditorOnly:0 RuntimeOnly:0 HLODRelevant:1 FolderPath:Lighting FolderGuid:963EC3EB4002CCE9759E2EBA541A873A
 |   |   |- Guid:F1924B8D48954B30891B2DB6A694F9CC BaseClass: NativeClass:/Script/Engine.StaticMeshActor Name:StaticMeshActor_1 Label:SM_Cube SpatiallyLoaded:1 Bounds:IsValid=true, Min=(X=0.000 Y=0.000 Z=-50.000), Max=(X=3000.000 Y=3500.000 Z=0.000) RuntimeGrid:None EditorOnly:0 RuntimeOnly:0 HLODRelevant:1 FolderPath:Playground FolderGuid:C73F09FC4215536B1DCE2A9E0A830C70
 |   |   |- Guid:F5E3FEB3450C49844FD93DA8E083C8AD BaseClass: NativeClass:/Script/Engine.PostProcessVolume Name:PostProcessVolume_0 Label:PostProcessVolume SpatiallyLoaded:0 Bounds:IsValid=true, Min=(X=0.000 Y=0.000 Z=400.000), Max=(X=200.000 Y=200.000 Z=600.000) RuntimeGrid:None EditorOnly:0 RuntimeOnly:0 HLODRelevant:0 FolderPath:Lighting FolderGuid:963EC3EB4002CCE9759E2EBA541A873A
 |   |- [+] Clusters:
 |   |   |- [+] [  0]
 |   |   |   |- Guid:6BAF4DDD444C60371492D3919DB42C97 BaseClass: NativeClass:/Script/Engine.WorldDataLayers Name:WorldDataLayers Label:WorldDataLayers SpatiallyLoaded:0 Bounds:IsValid=true, Min=(X=0.000 Y=0.000 Z=0.000), Max=(X=0.000 Y=0.000 Z=0.000) RuntimeGrid:None EditorOnly:0 RuntimeOnly:0 HLODRelevant:0
 |   |   |- [+] [  1]
 |   |   |   |- Guid:316CF2A6494ACA4C0E4180A87D36AB8F BaseClass: NativeClass:/Script/Engine.ExponentialHeightFog Name:ExponentialHeightFog_0 Label:ExponentialHeightFog SpatiallyLoaded:0 Bounds:IsValid=true, Min=(X=-5600.000 Y=-50.000 Z=-6850.000), Max=(X=-5600.000 Y=-50.000 Z=-6850.000) RuntimeGrid:None EditorOnly:0 RuntimeOnly:0 HLODRelevant:0 FolderPath:Lighting FolderGuid:963EC3EB4002CCE9759E2EBA541A873A
 |   |   |- [+] [  2]
 |   |   |   |- Guid:F5E3FEB3450C49844FD93DA8E083C8AD BaseClass: NativeClass:/Script/Engine.PostProcessVolume Name:PostProcessVolume_0 Label:PostProcessVolume SpatiallyLoaded:0 Bounds:IsValid=true, Min=(X=0.000 Y=0.000 Z=400.000), Max=(X=200.000 Y=200.000 Z=600.000) RuntimeGrid:None EditorOnly:0 RuntimeOnly:0 HLODRelevant:0 FolderPath:Lighting FolderGuid:963EC3EB4002CCE9759E2EBA541A873A
 |   |   |- [+] [  3]
 |   |   |   |- Guid:C69497EF495EC94D10D754B85EA6F970 BaseClass:/Game/RandomStuff/Base_Pickkup/spawnManager.spawnManager_C NativeClass:/Script/Engine.Actor Name:spawnManager_C_UAID_04D4C4DFCA2DC65B01_1597480107 Label:spawnManager SpatiallyLoaded:1 Bounds:IsValid=true, Min=(X=1100.000 Y=470.000 Z=0.000), Max=(X=1100.000 Y=470.000 Z=0.000) RuntimeGrid:None EditorOnly:0 RuntimeOnly:0 HLODRelevant:0
 |   |   |- [+] [  4]
 |   |   |   |- Guid:4D3BE93F4146AAAC8BBE79999D96D57F BaseClass: NativeClass:/Script/Engine.VolumetricCloud Name:VolumetricCloud_0 Label:VolumetricCloud SpatiallyLoaded:0 Bounds:IsValid=true, Min=(X=0.000 Y=0.000 Z=820.000), Max=(X=0.000 Y=0.000 Z=820.000) RuntimeGrid:None EditorOnly:0 RuntimeOnly:0 HLODRelevant:0 FolderPath:Lighting FolderGuid:963EC3EB4002CCE9759E2EBA541A873A
 |   |   |- [+] [  5]
 |   |   |   |- Guid:2FB58999456391D349DC0F86DAC136ED BaseClass: NativeClass:/Script/Engine.SkyLight Name:SkyLight_1 Label:SkyLight SpatiallyLoaded:0 Bounds:IsValid=true, Min=(X=0.000 Y=0.000 Z=690.000), Max=(X=0.000 Y=0.000 Z=690.000) RuntimeGrid:None EditorOnly:0 RuntimeOnly:0 HLODRelevant:0 FolderPath:Lighting FolderGuid:963EC3EB4002CCE9759E2EBA541A873A
 |   |   |- [+] [  6]
 |   |   |   |- Guid:CCFF262C46EEFFDF319E7F9539CE697E BaseClass: NativeClass:/Script/Engine.SkyAtmosphere Name:SkyAtmosphere_0 Label:SkyAtmosphere SpatiallyLoaded:0 Bounds:IsValid=true, Min=(X=0.000 Y=0.000 Z=1020.000), Max=(X=0.000 Y=0.000 Z=1020.000) RuntimeGrid:None EditorOnly:0 RuntimeOnly:0 HLODRelevant:0 FolderPath:Lighting FolderGuid:963EC3EB4002CCE9759E2EBA541A873A
 |   |   |- [+] [  7]
 |   |   |   |- Guid:EC4E0C944CE6AC6E784BC6BB2916EA13 BaseClass: NativeClass:/Script/Engine.StaticMeshActor Name:StaticMeshActor_UAID_A4AE111137DC5EFB00_1110535423 Label:SM_SkySphere SpatiallyLoaded:0 Bounds:IsValid=true, Min=(X=-1638400.000 Y=-1638400.000 Z=-1638400.000), Max=(X=1638400.000 Y=1638400.000 Z=1638400.000) RuntimeGrid:None EditorOnly:0 RuntimeOnly:0 HLODRelevant:1 FolderPath:Lighting FolderGuid:963EC3EB4002CCE9759E2EBA541A873A
 |   |   |- [+] [  8]
 |   |   |   |- Guid:B785ED2844B84CFB91E7F39FE661CD99 BaseClass: NativeClass:/Script/Engine.DirectionalLight Name:DirectionalLight_0 Label:DirectionalLight SpatiallyLoaded:0 Bounds:IsValid=true, Min=(X=-1048576.000 Y=-1048576.000 Z=-1048576.000), Max=(X=1048576.000 Y=1048576.000 Z=1048576.000) RuntimeGrid:None EditorOnly:0 RuntimeOnly:0 HLODRelevant:0 FolderPath:Lighting FolderGuid:963EC3EB4002CCE9759E2EBA541A873A
 |   |   |- [+] [  9]
 |   |   |   |- Guid:D42ECEFC412CB9B36B1587A31165F40A BaseClass: NativeClass:/Script/Engine.TargetPoint Name:TargetPoint_UAID_04D4C4DFCA2DC75B01_1741284290 Label:TargetPoint5 SpatiallyLoaded:1 Bounds:IsValid=true, Min=(X=1290.000 Y=2300.000 Z=0.000), Max=(X=1290.000 Y=2300.000 Z=0.000) RuntimeGrid:None EditorOnly:0 RuntimeOnly:0 HLODRelevant:0 Parent:BD370FED48134091E70A43B257A389C2
 |   |   |   |- Guid:3515120F4B730D9E68CBA191DD7F713B BaseClass: NativeClass:/Script/Engine.TargetPoint Name:TargetPoint_UAID_04D4C4DFCA2DC75B01_1741293292 Label:TargetPoint7 SpatiallyLoaded:1 Bounds:IsValid=true, Min=(X=1590.000 Y=2600.000 Z=0.000), Max=(X=1590.000 Y=2600.000 Z=0.000) RuntimeGrid:None EditorOnly:0 RuntimeOnly:0 HLODRelevant:0 Parent:BD370FED48134091E70A43B257A389C2
 |   |   |   |- Guid:4A4C759044A27A218C94D4A70A653BA7 BaseClass: NativeClass:/Script/Engine.TargetPoint Name:TargetPoint_UAID_04D4C4DFCA2DC75B01_1741296293 Label:TargetPoint8 SpatiallyLoaded:1 Bounds:IsValid=true, Min=(X=1590.000 Y=2300.000 Z=0.000), Max=(X=1590.000 Y=2300.000 Z=0.000) RuntimeGrid:None EditorOnly:0 RuntimeOnly:0 HLODRelevant:0 Parent:BD370FED48134091E70A43B257A389C2
 |   |   |   |- Guid:1DD08E0140A9957DC6BDC09DAF76DD56 BaseClass: NativeClass:/Script/Engine.TargetPoint Name:TargetPoint_UAID_04D4C4DFCA2DC75B01_1741290291 Label:TargetPoint6 SpatiallyLoaded:1 Bounds:IsValid=true, Min=(X=1290.000 Y=2600.000 Z=0.000), Max=(X=1290.000 Y=2600.000 Z=0.000) RuntimeGrid:None EditorOnly:0 RuntimeOnly:0 HLODRelevant:0 Parent:BD370FED48134091E70A43B257A389C2
 |   |   |   |- Guid:BD370FED48134091E70A43B257A389C2 BaseClass:/Game/RandomStuff/Base_Pickkup/SpawnPoint.SpawnPoint_C NativeClass:/Script/Engine.Actor Name:SpawnPoint_C_UAID_04D4C4DFCA2DC75B01_1741299294 Label:SpawnPoint2 SpatiallyLoaded:1 Bounds:IsValid=true, Min=(X=1440.000 Y=2450.000 Z=0.000), Max=(X=1440.000 Y=2450.000 Z=0.000) RuntimeGrid:None EditorOnly:0 RuntimeOnly:0 HLODRelevant:0
 |   |   |- [+] [ 10]
 |   |   |   |- Guid:F1924B8D48954B30891B2DB6A694F9CC BaseClass: NativeClass:/Script/Engine.StaticMeshActor Name:StaticMeshActor_1 Label:SM_Cube SpatiallyLoaded:1 Bounds:IsValid=true, Min=(X=0.000 Y=0.000 Z=-50.000), Max=(X=3000.000 Y=3500.000 Z=0.000) RuntimeGrid:None EditorOnly:0 RuntimeOnly:0 HLODRelevant:1 FolderPath:Playground FolderGuid:C73F09FC4215536B1DCE2A9E0A830C70
 |   |   |- [+] [ 11]
 |   |   |   |- Guid:457E28DE4E8F6F2B32FEEDAE91B12ED6 BaseClass: NativeClass:/Script/Engine.TargetPoint Name:TargetPoint_UAID_04D4C4DFCA2DC65B01_1561402105 Label:TargetPoint3 SpatiallyLoaded:1 Bounds:IsValid=true, Min=(X=1580.000 Y=1390.000 Z=0.000), Max=(X=1580.000 Y=1390.000 Z=0.000) RuntimeGrid:None EditorOnly:0 RuntimeOnly:0 HLODRelevant:0 Parent:6ED14C7440AE78F186F969972C667DB9
 |   |   |   |- Guid:CCD02B974805EEF839C42DBF45BF00F3 BaseClass: NativeClass:/Script/Engine.TargetPoint Name:TargetPoint_UAID_04D4C4DFCA2DC65B01_1515360103 Label:TargetPoint SpatiallyLoaded:1 Bounds:IsValid=true, Min=(X=1280.000 Y=1090.000 Z=0.000), Max=(X=1280.000 Y=1090.000 Z=0.000) RuntimeGrid:None EditorOnly:0 RuntimeOnly:0 HLODRelevant:0 Parent:6ED14C7440AE78F186F969972C667DB9
 |   |   |   |- Guid:D2092C4E43472CC11AF825ADEDDCAC27 BaseClass: NativeClass:/Script/Engine.TargetPoint Name:TargetPoint_UAID_04D4C4DFCA2DC65B01_1549428104 Label:TargetPoint2 SpatiallyLoaded:1 Bounds:IsValid=true, Min=(X=1280.000 Y=1390.000 Z=0.000), Max=(X=1280.000 Y=1390.000 Z=0.000) RuntimeGrid:None EditorOnly:0 RuntimeOnly:0 HLODRelevant:0 Parent:6ED14C7440AE78F186F969972C667DB9
 |   |   |   |- Guid:D941C0484A8CD61AD6D2C8B86FDFF62C BaseClass: NativeClass:/Script/Engine.TargetPoint Name:TargetPoint_UAID_04D4C4DFCA2DC65B01_1575669106 Label:TargetPoint4 SpatiallyLoaded:1 Bounds:IsValid=true, Min=(X=1580.000 Y=1090.000 Z=0.000), Max=(X=1580.000 Y=1090.000 Z=0.000) RuntimeGrid:None EditorOnly:0 RuntimeOnly:0 HLODRelevant:0 Parent:6ED14C7440AE78F186F969972C667DB9
 |   |   |   |- Guid:6ED14C7440AE78F186F969972C667DB9 BaseClass:/Game/RandomStuff/Base_Pickkup/SpawnPoint.SpawnPoint_C NativeClass:/Script/Engine.Actor Name:SpawnPoint_C_UAID_04D4C4DFCA2DC65B01_1804762108 Label:SpawnPoint SpatiallyLoaded:1 Bounds:IsValid=true, Min=(X=1430.000 Y=1240.000 Z=0.000), Max=(X=1430.000 Y=1240.000 Z=0.000) RuntimeGrid:None EditorOnly:0 RuntimeOnly:0 HLODRelevant:0
 |   |   |- [+] [ 12]
 |   |   |   |- Guid:3A00AA1C422CE54C0BDB60BAF471BFBB BaseClass: NativeClass:/Script/Engine.PlayerStart Name:PlayerStart_0 Label:PlayerStart SpatiallyLoaded:0 Bounds:IsValid=true, Min=(X=480.000 Y=1250.000 Z=0.013), Max=(X=560.000 Y=1330.000 Z=184.013) RuntimeGrid:None EditorOnly:0 RuntimeOnly:0 HLODRelevant:0
 |   |   |- [+] [ 13]
 |   |   |   |- Guid:760243A545543C8FE4D6F39C1E444E31 BaseClass:/Game/RandomStuff/Base_Pickkup/Cone_pickup.Cone_pickup_C NativeClass:/Script/Engine.Actor Name:Cone_pickup_C_UAID_04D4C4DFCA2DD05B01_1728877863 Label:Cone_pickup SpatiallyLoaded:1 Bounds:IsValid=true, Min=(X=1350.000 Y=1820.000 Z=40.000), Max=(X=1450.000 Y=1920.000 Z=140.000) RuntimeGrid:None EditorOnly:0 RuntimeOnly:0 HLODRelevant:0
 |- ContainerInstances:
 |- [+] MainContainer:
 |   |-        ID: 0x0000000000000000
 |   |-    Bounds: IsValid=false, Min=(X=0.000 Y=0.000 Z=0.000), Max=(X=0.000 Y=0.000 Z=0.000)
 |   |- Transform: 0.000000,0.000000,0.000000|0.000000,0.000000,-0.000000|1.000000,1.000000,1.000000
 |   |- Container: /Game/ThirdPerson/Maps/ThirdPersonMap
----------------------------------------------------------------------------------------------------------------
ThirdPersonMap - Persistent Level
----------------------------------------------------------------------------------------------------------------
Always loaded Actor Count: 32 

----------------------------------------------------------------------------------------------------------------
ThirdPersonMap - Runtime Spatial Hash - Streaming Grid - MainGrid
----------------------------------------------------------------------------------------------------------------
            Origin: X=0.000 Y=0.000 Z=0.000
         Cell Size: 12800
      World Bounds: IsValid=false, Min=(X=0.000 Y=0.000 Z=0.000), Max=(X=0.000 Y=0.000 Z=0.000)
     Loading Range: 25600.00
Block Slow Loading: No
 ClientOnlyVisible: No

[+] Grid Levels: 1
 |- Level  0: Cell Count    0 | Cell Size   12800 | Actor Count    0 (0.0%)

[+] Content of Grid Level 0

