[+] Containers:
 |- [+] Container: /Game/ThirdPerson/Maps/ThirdPersonMap
 |   |- [+] ActorDescs:
 |   |   |- Guid:0179C7B64BF2049ADBA8B38215590A48 BaseClass: NativeClass:/Script/Engine.TargetPoint Name:TargetPoint_UAID_04D4C4DFCA2D835B01_1658488311 Label:TargetPoint4 SpatiallyLoaded:1 Bounds:IsValid=true, Min=(X=1590.000 Y=1210.000 Z=0.000), Max=(X=1590.000 Y=1210.000 Z=0.000) RuntimeGrid:None EditorOnly:0 RuntimeOnly:0 HLODRelevant:0 Parent:6F1704454B4DFB66EAB893A68BAFDC59
 |   |   |- Guid:2FB58999456391D349DC0F86DAC136ED BaseClass: NativeClass:/Script/Engine.SkyLight Name:SkyLight_1 Label:SkyLight SpatiallyLoaded:0 Bounds:IsValid=true, Min=(X=0.000 Y=0.000 Z=690.000), Max=(X=0.000 Y=0.000 Z=690.000) RuntimeGrid:None EditorOnly:0 RuntimeOnly:0 HLODRelevant:0 FolderPath:Lighting FolderGuid:963EC3EB4002CCE9759E2EBA541A873A
 |   |   |- Guid:316CF2A6494ACA4C0E4180A87D36AB8F BaseClass: NativeClass:/Script/Engine.ExponentialHeightFog Name:ExponentialHeightFog_0 Label:ExponentialHeightFog SpatiallyLoaded:0 Bounds:IsValid=true, Min=(X=-5600.000 Y=-50.000 Z=-6850.000), Max=(X=-5600.000 Y=-50.000 Z=-6850.000) RuntimeGrid:None EditorOnly:0 RuntimeOnly:0 HLODRelevant:0 FolderPath:Lighting FolderGuid:963EC3EB4002CCE9759E2EBA541A873A
 |   |   |- Guid:3A00AA1C422CE54C0BDB60BAF471BFBB BaseClass: NativeClass:/Script/Engine.PlayerStart Name:PlayerStart_0 Label:PlayerStart SpatiallyLoaded:0 Bounds:IsValid=true, Min=(X=480.000 Y=1250.000 Z=0.013), Max=(X=560.000 Y=1330.000 Z=184.013) RuntimeGrid:None EditorOnly:0 RuntimeOnly:0 HLODRelevant:0
 |   |   |- Guid:4A2EEBF2400C5973BCD6718760124BC0 BaseClass: NativeClass:/Script/Engine.TargetPoint Name:TargetPoint_UAID_04D4C4DFCA2D835B01_1807216318 Label:TargetPoint12 SpatiallyLoaded:1 Bounds:IsValid=true, Min=(X=1990.000 Y=190.000 Z=0.000), Max=(X=1990.000 Y=190.000 Z=0.000) RuntimeGrid:None EditorOnly:0 RuntimeOnly:0 HLODRelevant:0 Parent:7858246842FF94BBAF2959AA96F4695A
 |   |   |- Guid:4D3BE93F4146AAAC8BBE79999D96D57F BaseClass: NativeClass:/Script/Engine.VolumetricCloud Name:VolumetricCloud_0 Label:VolumetricCloud SpatiallyLoaded:0 Bounds:IsValid=true, Min=(X=0.000 Y=0.000 Z=820.000), Max=(X=0.000 Y=0.000 Z=820.000) RuntimeGrid:None EditorOnly:0 RuntimeOnly:0 HLODRelevant:0 FolderPath:Lighting FolderGuid:963EC3EB4002CCE9759E2EBA541A873A
 |   |   |- Guid:501E92FC42744249379857B68896B1D6 BaseClass: NativeClass:/Script/Engine.TargetPoint Name:TargetPoint_UAID_04D4C4DFCA2D395B01_1633255287 Label:TargetPoint SpatiallyLoaded:1 Bounds:IsValid=true, Min=(X=1590.000 Y=1610.000 Z=0.000), Max=(X=1590.000 Y=1610.000 Z=0.000) RuntimeGrid:None EditorOnly:0 RuntimeOnly:0 HLODRelevant:0 Parent:6F1704454B4DFB66EAB893A68BAFDC59
 |   |   |- Guid:63FBDA8746A0A843C924AEA38A8F4BA3 BaseClass: NativeClass:/Script/Engine.TargetPoint Name:TargetPoint_UAID_04D4C4DFCA2D395B01_1635757288 Label:TargetPoint2 SpatiallyLoaded:1 Bounds:IsValid=true, Min=(X=1990.000 Y=1210.000 Z=0.000), Max=(X=1990.000 Y=1210.000 Z=0.000) RuntimeGrid:None EditorOnly:0 RuntimeOnly:0 HLODRelevant:0 Parent:6F1704454B4DFB66EAB893A68BAFDC59
 |   |   |- Guid:6BAF4DDD444C60371492D3919DB42C97 BaseClass: NativeClass:/Script/Engine.WorldDataLayers Name:WorldDataLayers Label:WorldDataLayers SpatiallyLoaded:0 Bounds:IsValid=true, Min=(X=0.000 Y=0.000 Z=0.000), Max=(X=0.000 Y=0.000 Z=0.000) RuntimeGrid:None EditorOnly:0 RuntimeOnly:0 HLODRelevant:0
 |   |   |- Guid:6F1704454B4DFB66EAB893A68BAFDC59 BaseClass:/Game/RandomStuff/Base_Pickkup/test2.test2_C NativeClass:/Script/Engine.Actor Name:test2_C_UAID_04D4C4DFCA2DC65B01_1242626109 Label:test2 SpatiallyLoaded:1 Bounds:IsValid=true, Min=(X=760.000 Y=1700.000 Z=220.000), Max=(X=760.000 Y=1700.000 Z=220.000) RuntimeGrid:None EditorOnly:0 RuntimeOnly:0 HLODRelevant:0
 |   |   |- Guid:7858246842FF94BBAF2959AA96F4695A BaseClass:/Game/RandomStuff/Base_Pickkup/spawnPoint.spawnPoint_C NativeClass:/Script/Engine.Actor Name:spawnPoint_C_UAID_04D4C4DFCA2DC45B01_1239015756 Label:spawnPoint2 SpatiallyLoaded:1 Bounds:IsValid=true, Min=(X=1800.000 Y=400.000 Z=0.000), Max=(X=1800.000 Y=400.000 Z=0.000) RuntimeGrid:None EditorOnly:0 RuntimeOnly:0 HLODRelevant:0
 |   |   |- Guid:9FC6AA0641C20B436BCCCDB4ED40B07A BaseClass: NativeClass:/Script/Engine.TargetPoint Name:TargetPoint_UAID_04D4C4DFCA2D395B01_1640197289 Label:TargetPoint3 SpatiallyLoaded:1 Bounds:IsValid=true, Min=(X=1990.000 Y=1610.000 Z=0.000), Max=(X=1990.000 Y=1610.000 Z=0.000) RuntimeGrid:None EditorOnly:0 RuntimeOnly:0 HLODRelevant:0 Parent:6F1704454B4DFB66EAB893A68BAFDC59
 |   |   |- Guid:B785ED2844B84CFB91E7F39FE661CD99 BaseClass: NativeClass:/Script/Engine.DirectionalLight Name:DirectionalLight_0 Label:DirectionalLight SpatiallyLoaded:0 Bounds:IsValid=true, Min=(X=-1048576.000 Y=-1048576.000 Z=-1048576.000), Max=(X=1048576.000 Y=1048576.000 Z=1048576.000) RuntimeGrid:None EditorOnly:0 RuntimeOnly:0 HLODRelevant:0 FolderPath:Lighting FolderGuid:963EC3EB4002CCE9759E2EBA541A873A
 |   |   |- Guid:C49C026542DE009CCD2A7EA751ED8BC8 BaseClass: NativeClass:/Script/Engine.TargetPoint Name:TargetPoint_UAID_04D4C4DFCA2D835B01_1807210316 Label:TargetPoint10 SpatiallyLoaded:1 Bounds:IsValid=true, Min=(X=1990.000 Y=590.000 Z=0.000), Max=(X=1990.000 Y=590.000 Z=0.000) RuntimeGrid:None EditorOnly:0 RuntimeOnly:0 HLODRelevant:0 Parent:7858246842FF94BBAF2959AA96F4695A
 |   |   |- Guid:CC34F6F1411F251BAC0D73B87B6795F1 BaseClass: NativeClass:/Script/Engine.TargetPoint Name:TargetPoint_UAID_04D4C4DFCA2D835B01_1807213317 Label:TargetPoint11 SpatiallyLoaded:1 Bounds:IsValid=true, Min=(X=1590.000 Y=190.000 Z=0.000), Max=(X=1590.000 Y=190.000 Z=0.000) RuntimeGrid:None EditorOnly:0 RuntimeOnly:0 HLODRelevant:0 Parent:7858246842FF94BBAF2959AA96F4695A
 |   |   |- Guid:CCFF262C46EEFFDF319E7F9539CE697E BaseClass: NativeClass:/Script/Engine.SkyAtmosphere Name:SkyAtmosphere_0 Label:SkyAtmosphere SpatiallyLoaded:0 Bounds:IsValid=true, Min=(X=0.000 Y=0.000 Z=1020.000), Max=(X=0.000 Y=0.000 Z=1020.000) RuntimeGrid:None EditorOnly:0 RuntimeOnly:0 HLODRelevant:0 FolderPath:Lighting FolderGuid:963EC3EB4002CCE9759E2EBA541A873A
 |   |   |- Guid:EC4E0C944CE6AC6E784BC6BB2916EA13 BaseClass: NativeClass:/Script/Engine.StaticMeshActor Name:StaticMeshActor_UAID_A4AE111137DC5EFB00_1110535423 Label:SM_SkySphere SpatiallyLoaded:0 Bounds:IsValid=true, Min=(X=-1638400.000 Y=-1638400.000 Z=-1638400.000), Max=(X=1638400.000 Y=1638400.000 Z=1638400.000) RuntimeGrid:None EditorOnly:0 RuntimeOnly:0 HLODRelevant:1 FolderPath:Lighting FolderGuid:963EC3EB4002CCE9759E2EBA541A873A
 |   |   |- Guid:F03F2FCC430EC1B9B77EF68B51361A6F BaseClass: NativeClass:/Script/Engine.TargetPoint Name:TargetPoint_UAID_04D4C4DFCA2D835B01_1807208315 Label:TargetPoint9 SpatiallyLoaded:1 Bounds:IsValid=true, Min=(X=1590.000 Y=590.000 Z=0.000), Max=(X=1590.000 Y=590.000 Z=0.000) RuntimeGrid:None EditorOnly:0 RuntimeOnly:0 HLODRelevant:0 Parent:7858246842FF94BBAF2959AA96F4695A
 |   |   |- Guid:F1924B8D48954B30891B2DB6A694F9CC BaseClass: NativeClass:/Script/Engine.StaticMeshActor Name:StaticMeshActor_1 Label:SM_Cube SpatiallyLoaded:1 Bounds:IsValid=true, Min=(X=0.000 Y=0.000 Z=-50.000), Max=(X=3000.000 Y=3500.000 Z=0.000) RuntimeGrid:None EditorOnly:0 RuntimeOnly:0 HLODRelevant:1 FolderPath:Playground FolderGuid:C73F09FC4215536B1DCE2A9E0A830C70
 |   |   |- Guid:F40A7E814A5FD3BD0ED8A4953C5C5A03 BaseClass:/Game/RandomStuff/Base_Pickkup/group_Spawn.group_Spawn_C NativeClass:/Script/Engine.Actor Name:group_Spawn_C_UAID_04D4C4DFCA2DC45B01_1223626754 Label:group_Spawn SpatiallyLoaded:1 Bounds:IsValid=true, Min=(X=1810.000 Y=910.000 Z=0.000), Max=(X=1810.000 Y=910.000 Z=0.000) RuntimeGrid:None EditorOnly:0 RuntimeOnly:0 HLODRelevant:0
 |   |   |- Guid:F5E3FEB3450C49844FD93DA8E083C8AD BaseClass: NativeClass:/Script/Engine.PostProcessVolume Name:PostProcessVolume_0 Label:PostProcessVolume SpatiallyLoaded:0 Bounds:IsValid=true, Min=(X=0.000 Y=0.000 Z=400.000), Max=(X=200.000 Y=200.000 Z=600.000) RuntimeGrid:None EditorOnly:0 RuntimeOnly:0 HLODRelevant:0 FolderPath:Lighting FolderGuid:963EC3EB4002CCE9759E2EBA541A873A
 |   |- [+] Clusters:
 |   |   |- [+] [  0]
 |   |   |   |- Guid:6BAF4DDD444C60371492D3919DB42C97 BaseClass: NativeClass:/Script/Engine.WorldDataLayers Name:WorldDataLayers Label:WorldDataLayers SpatiallyLoaded:0 Bounds:IsValid=true, Min=(X=0.000 Y=0.000 Z=0.000), Max=(X=0.000 Y=0.000 Z=0.000) RuntimeGrid:None EditorOnly:0 RuntimeOnly:0 HLODRelevant:0
 |   |   |- [+] [  1]
 |   |   |   |- Guid:F5E3FEB3450C49844FD93DA8E083C8AD BaseClass: NativeClass:/Script/Engine.PostProcessVolume Name:PostProcessVolume_0 Label:PostProcessVolume SpatiallyLoaded:0 Bounds:IsValid=true, Min=(X=0.000 Y=0.000 Z=400.000), Max=(X=200.000 Y=200.000 Z=600.000) RuntimeGrid:None EditorOnly:0 RuntimeOnly:0 HLODRelevant:0 FolderPath:Lighting FolderGuid:963EC3EB4002CCE9759E2EBA541A873A
 |   |   |- [+] [  2]
 |   |   |   |- Guid:4D3BE93F4146AAAC8BBE79999D96D57F BaseClass: NativeClass:/Script/Engine.VolumetricCloud Name:VolumetricCloud_0 Label:VolumetricCloud SpatiallyLoaded:0 Bounds:IsValid=true, Min=(X=0.000 Y=0.000 Z=820.000), Max=(X=0.000 Y=0.000 Z=820.000) RuntimeGrid:None EditorOnly:0 RuntimeOnly:0 HLODRelevant:0 FolderPath:Lighting FolderGuid:963EC3EB4002CCE9759E2EBA541A873A
 |   |   |- [+] [  3]
 |   |   |   |- Guid:CCFF262C46EEFFDF319E7F9539CE697E BaseClass: NativeClass:/Script/Engine.SkyAtmosphere Name:SkyAtmosphere_0 Label:SkyAtmosphere SpatiallyLoaded:0 Bounds:IsValid=true, Min=(X=0.000 Y=0.000 Z=1020.000), Max=(X=0.000 Y=0.000 Z=1020.000) RuntimeGrid:None EditorOnly:0 RuntimeOnly:0 HLODRelevant:0 FolderPath:Lighting FolderGuid:963EC3EB4002CCE9759E2EBA541A873A
 |   |   |- [+] [  4]
 |   |   |   |- Guid:C49C026542DE009CCD2A7EA751ED8BC8 BaseClass: NativeClass:/Script/Engine.TargetPoint Name:TargetPoint_UAID_04D4C4DFCA2D835B01_1807210316 Label:TargetPoint10 SpatiallyLoaded:1 Bounds:IsValid=true, Min=(X=1990.000 Y=590.000 Z=0.000), Max=(X=1990.000 Y=590.000 Z=0.000) RuntimeGrid:None EditorOnly:0 RuntimeOnly:0 HLODRelevant:0 Parent:7858246842FF94BBAF2959AA96F4695A
 |   |   |   |- Guid:4A2EEBF2400C5973BCD6718760124BC0 BaseClass: NativeClass:/Script/Engine.TargetPoint Name:TargetPoint_UAID_04D4C4DFCA2D835B01_1807216318 Label:TargetPoint12 SpatiallyLoaded:1 Bounds:IsValid=true, Min=(X=1990.000 Y=190.000 Z=0.000), Max=(X=1990.000 Y=190.000 Z=0.000) RuntimeGrid:None EditorOnly:0 RuntimeOnly:0 HLODRelevant:0 Parent:7858246842FF94BBAF2959AA96F4695A
 |   |   |   |- Guid:CC34F6F1411F251BAC0D73B87B6795F1 BaseClass: NativeClass:/Script/Engine.TargetPoint Name:TargetPoint_UAID_04D4C4DFCA2D835B01_1807213317 Label:TargetPoint11 SpatiallyLoaded:1 Bounds:IsValid=true, Min=(X=1590.000 Y=190.000 Z=0.000), Max=(X=1590.000 Y=190.000 Z=0.000) RuntimeGrid:None EditorOnly:0 RuntimeOnly:0 HLODRelevant:0 Parent:7858246842FF94BBAF2959AA96F4695A
 |   |   |   |- Guid:F03F2FCC430EC1B9B77EF68B51361A6F BaseClass: NativeClass:/Script/Engine.TargetPoint Name:TargetPoint_UAID_04D4C4DFCA2D835B01_1807208315 Label:TargetPoint9 SpatiallyLoaded:1 Bounds:IsValid=true, Min=(X=1590.000 Y=590.000 Z=0.000), Max=(X=1590.000 Y=590.000 Z=0.000) RuntimeGrid:None EditorOnly:0 RuntimeOnly:0 HLODRelevant:0 Parent:7858246842FF94BBAF2959AA96F4695A
 |   |   |   |- Guid:7858246842FF94BBAF2959AA96F4695A BaseClass:/Game/RandomStuff/Base_Pickkup/spawnPoint.spawnPoint_C NativeClass:/Script/Engine.Actor Name:spawnPoint_C_UAID_04D4C4DFCA2DC45B01_1239015756 Label:spawnPoint2 SpatiallyLoaded:1 Bounds:IsValid=true, Min=(X=1800.000 Y=400.000 Z=0.000), Max=(X=1800.000 Y=400.000 Z=0.000) RuntimeGrid:None EditorOnly:0 RuntimeOnly:0 HLODRelevant:0
 |   |   |- [+] [  5]
 |   |   |   |- Guid:EC4E0C944CE6AC6E784BC6BB2916EA13 BaseClass: NativeClass:/Script/Engine.StaticMeshActor Name:StaticMeshActor_UAID_A4AE111137DC5EFB00_1110535423 Label:SM_SkySphere SpatiallyLoaded:0 Bounds:IsValid=true, Min=(X=-1638400.000 Y=-1638400.000 Z=-1638400.000), Max=(X=1638400.000 Y=1638400.000 Z=1638400.000) RuntimeGrid:None EditorOnly:0 RuntimeOnly:0 HLODRelevant:1 FolderPath:Lighting FolderGuid:963EC3EB4002CCE9759E2EBA541A873A
 |   |   |- [+] [  6]
 |   |   |   |- Guid:B785ED2844B84CFB91E7F39FE661CD99 BaseClass: NativeClass:/Script/Engine.DirectionalLight Name:DirectionalLight_0 Label:DirectionalLight SpatiallyLoaded:0 Bounds:IsValid=true, Min=(X=-1048576.000 Y=-1048576.000 Z=-1048576.000), Max=(X=1048576.000 Y=1048576.000 Z=1048576.000) RuntimeGrid:None EditorOnly:0 RuntimeOnly:0 HLODRelevant:0 FolderPath:Lighting FolderGuid:963EC3EB4002CCE9759E2EBA541A873A
 |   |   |- [+] [  7]
 |   |   |   |- Guid:3A00AA1C422CE54C0BDB60BAF471BFBB BaseClass: NativeClass:/Script/Engine.PlayerStart Name:PlayerStart_0 Label:PlayerStart SpatiallyLoaded:0 Bounds:IsValid=true, Min=(X=480.000 Y=1250.000 Z=0.013), Max=(X=560.000 Y=1330.000 Z=184.013) RuntimeGrid:None EditorOnly:0 RuntimeOnly:0 HLODRelevant:0
 |   |   |- [+] [  8]
 |   |   |   |- Guid:316CF2A6494ACA4C0E4180A87D36AB8F BaseClass: NativeClass:/Script/Engine.ExponentialHeightFog Name:ExponentialHeightFog_0 Label:ExponentialHeightFog SpatiallyLoaded:0 Bounds:IsValid=true, Min=(X=-5600.000 Y=-50.000 Z=-6850.000), Max=(X=-5600.000 Y=-50.000 Z=-6850.000) RuntimeGrid:None EditorOnly:0 RuntimeOnly:0 HLODRelevant:0 FolderPath:Lighting FolderGuid:963EC3EB4002CCE9759E2EBA541A873A
 |   |   |- [+] [  9]
 |   |   |   |- Guid:F1924B8D48954B30891B2DB6A694F9CC BaseClass: NativeClass:/Script/Engine.StaticMeshActor Name:StaticMeshActor_1 Label:SM_Cube SpatiallyLoaded:1 Bounds:IsValid=true, Min=(X=0.000 Y=0.000 Z=-50.000), Max=(X=3000.000 Y=3500.000 Z=0.000) RuntimeGrid:None EditorOnly:0 RuntimeOnly:0 HLODRelevant:1 FolderPath:Playground FolderGuid:C73F09FC4215536B1DCE2A9E0A830C70
 |   |   |- [+] [ 10]
 |   |   |   |- Guid:2FB58999456391D349DC0F86DAC136ED BaseClass: NativeClass:/Script/Engine.SkyLight Name:SkyLight_1 Label:SkyLight SpatiallyLoaded:0 Bounds:IsValid=true, Min=(X=0.000 Y=0.000 Z=690.000), Max=(X=0.000 Y=0.000 Z=690.000) RuntimeGrid:None EditorOnly:0 RuntimeOnly:0 HLODRelevant:0 FolderPath:Lighting FolderGuid:963EC3EB4002CCE9759E2EBA541A873A
 |   |   |- [+] [ 11]
 |   |   |   |- Guid:63FBDA8746A0A843C924AEA38A8F4BA3 BaseClass: NativeClass:/Script/Engine.TargetPoint Name:TargetPoint_UAID_04D4C4DFCA2D395B01_1635757288 Label:TargetPoint2 SpatiallyLoaded:1 Bounds:IsValid=true, Min=(X=1990.000 Y=1210.000 Z=0.000), Max=(X=1990.000 Y=1210.000 Z=0.000) RuntimeGrid:None EditorOnly:0 RuntimeOnly:0 HLODRelevant:0 Parent:6F1704454B4DFB66EAB893A68BAFDC59
 |   |   |   |- Guid:9FC6AA0641C20B436BCCCDB4ED40B07A BaseClass: NativeClass:/Script/Engine.TargetPoint Name:TargetPoint_UAID_04D4C4DFCA2D395B01_1640197289 Label:TargetPoint3 SpatiallyLoaded:1 Bounds:IsValid=true, Min=(X=1990.000 Y=1610.000 Z=0.000), Max=(X=1990.000 Y=1610.000 Z=0.000) RuntimeGrid:None EditorOnly:0 RuntimeOnly:0 HLODRelevant:0 Parent:6F1704454B4DFB66EAB893A68BAFDC59
 |   |   |   |- Guid:501E92FC42744249379857B68896B1D6 BaseClass: NativeClass:/Script/Engine.TargetPoint Name:TargetPoint_UAID_04D4C4DFCA2D395B01_1633255287 Label:TargetPoint SpatiallyLoaded:1 Bounds:IsValid=true, Min=(X=1590.000 Y=1610.000 Z=0.000), Max=(X=1590.000 Y=1610.000 Z=0.000) RuntimeGrid:None EditorOnly:0 RuntimeOnly:0 HLODRelevant:0 Parent:6F1704454B4DFB66EAB893A68BAFDC59
 |   |   |   |- Guid:0179C7B64BF2049ADBA8B38215590A48 BaseClass: NativeClass:/Script/Engine.TargetPoint Name:TargetPoint_UAID_04D4C4DFCA2D835B01_1658488311 Label:TargetPoint4 SpatiallyLoaded:1 Bounds:IsValid=true, Min=(X=1590.000 Y=1210.000 Z=0.000), Max=(X=1590.000 Y=1210.000 Z=0.000) RuntimeGrid:None EditorOnly:0 RuntimeOnly:0 HLODRelevant:0 Parent:6F1704454B4DFB66EAB893A68BAFDC59
 |   |   |   |- Guid:6F1704454B4DFB66EAB893A68BAFDC59 BaseClass:/Game/RandomStuff/Base_Pickkup/test2.test2_C NativeClass:/Script/Engine.Actor Name:test2_C_UAID_04D4C4DFCA2DC65B01_1242626109 Label:test2 SpatiallyLoaded:1 Bounds:IsValid=true, Min=(X=760.000 Y=1700.000 Z=220.000), Max=(X=760.000 Y=1700.000 Z=220.000) RuntimeGrid:None EditorOnly:0 RuntimeOnly:0 HLODRelevant:0
 |   |   |- [+] [ 12]
 |   |   |   |- Guid:F40A7E814A5FD3BD0ED8A4953C5C5A03 BaseClass:/Game/RandomStuff/Base_Pickkup/group_Spawn.group_Spawn_C NativeClass:/Script/Engine.Actor Name:group_Spawn_C_UAID_04D4C4DFCA2DC45B01_1223626754 Label:group_Spawn SpatiallyLoaded:1 Bounds:IsValid=true, Min=(X=1810.000 Y=910.000 Z=0.000), Max=(X=1810.000 Y=910.000 Z=0.000) RuntimeGrid:None EditorOnly:0 RuntimeOnly:0 HLODRelevant:0
 |- ContainerInstances:
 |- [+] MainContainer:
 |   |-        ID: 0x0000000000000000
 |   |-    Bounds: IsValid=false, Min=(X=0.000 Y=0.000 Z=0.000), Max=(X=0.000 Y=0.000 Z=0.000)
 |   |- Transform: 0.000000,0.000000,0.000000|0.000000,0.000000,-0.000000|1.000000,1.000000,1.000000
 |   |- Container: /Game/ThirdPerson/Maps/ThirdPersonMap
----------------------------------------------------------------------------------------------------------------
ThirdPersonMap - Persistent Level
----------------------------------------------------------------------------------------------------------------
Always loaded Actor Count: 32 

----------------------------------------------------------------------------------------------------------------
ThirdPersonMap - Runtime Spatial Hash - Streaming Grid - MainGrid
----------------------------------------------------------------------------------------------------------------
            Origin: X=0.000 Y=0.000 Z=0.000
         Cell Size: 12800
      World Bounds: IsValid=false, Min=(X=0.000 Y=0.000 Z=0.000), Max=(X=0.000 Y=0.000 Z=0.000)
     Loading Range: 25600.00
Block Slow Loading: No
 ClientOnlyVisible: No

[+] Grid Levels: 1
 |- Level  0: Cell Count    0 | Cell Size   12800 | Actor Count    0 (0.0%)

[+] Content of Grid Level 0

